<?xml version="1.0" encoding="UTF-8"?>
<testng-results skipped="0" failed="0" total="1" passed="1">
  <reporter-output>
  </reporter-output>
  <suite name="Default suite" duration-ms="141" started-at="2023-06-04T09:25:50Z" finished-at="2023-06-04T09:25:50Z">
    <groups>
    </groups>
    <test name="Default test" duration-ms="141" started-at="2023-06-04T09:25:50Z" finished-at="2023-06-04T09:25:50Z">
      <class name="com.serialization.practicing.Jackson_API_for_List_Serialization">
        <test-method status="PASS" signature="List_serialization()[pri:0, instance:com.serialization.practicing.Jackson_API_for_List_Serialization@2aafb23c]" name="List_serialization" duration-ms="141" started-at="2023-06-04T14:55:50Z" finished-at="2023-06-04T14:55:50Z">
          <reporter-output>
          </reporter-output>
        </test-method> <!-- List_serialization -->
      </class> <!-- com.serialization.practicing.Jackson_API_for_List_Serialization -->
    </test> <!-- Default test -->
  </suite> <!-- Default suite -->
</testng-results>
